<?xml version="1.0" encoding="UTF-8"?>
<testsuite xmlns:xsi="http://www.w3.org/2001/XMLSchema-instance" xsi:noNamespaceSchemaLocation="https://maven.apache.org/surefire/maven-surefire-plugin/xsd/surefire-test-report.xsd" name="TestSuite" time="26.215" tests="3" errors="0" skipped="0" failures="2">
  <properties>
[...]
</properties>
  <testcase name="searchtextwine" classname="test.AddTocartTest" time="0.325"/>
  <testcase name="productsearchimage" classname="test.AddTocartTest" time="4.313">
    <failure message="element click intercepted: Element &lt;div class=&quot;grid-item__content&quot;&gt;...&lt;/div&gt; is not clickable at point (204, 356). Other element would receive the click: &lt;div class=&quot;needsclick  kl-private-reset-css-Xuajs1&quot; style=&quot;display: flex; z-index: 90000; position: fixed; left: 0px; top: 0px; width: 100%; height: 100%; justify-content: center; align-items: center; overflow: auto; background-color: rgba(20, 20, 20, 0.6); animation-timing-function: ease; animation-play-state: running; animation-iteration-count: 1; animation-fill-mode: forwards; animation-delay: 0s; animation-duration: 0.35s; animation-name: klaviyo-fadein;&quot;&gt;...&lt;/div&gt;&#10;  (Session info: chrome=114.0.5735.198)&#10;Build info: version: &apos;4.8.3&apos;, revision: &apos;e5e76298c3&apos;&#10;System info: os.name: &apos;Windows 11&apos;, os.arch: &apos;amd64&apos;, os.version: &apos;10.0&apos;, java.version: &apos;17.0.5&apos;&#10;Driver info: org.openqa.selenium.chrome.ChromeDriver&#10;Command: [314f979ee001f7b67abcb9642ba8eee0, clickElement {id=6B90C3EF36ABC3751BBB6BDC1C2AE0FB_element_21}]&#10;Capabilities {acceptInsecureCerts: false, browserName: chrome, browserVersion: 114.0.5735.198, chrome: {chromedriverVersion: 114.0.5735.90 (386bc09e8f4f..., userDataDir: C:\Users\intel\AppData\Loca...}, goog:chromeOptions: {debuggerAddress: localhost:56688}, networkConnectionEnabled: false, pageLoadStrategy: normal, platformName: WINDOWS, proxy: Proxy(), se:cdp: ws://localhost:56688/devtoo..., se:cdpVersion: 114.0.5735.198, setWindowRect: true, strictFileInteractability: false, timeouts: {implicit: 0, pageLoad: 300000, script: 30000}, unhandledPromptBehavior: dismiss and notify, webauthn:extension:credBlob: true, webauthn:extension:largeBlob: true, webauthn:extension:minPinLength: true, webauthn:extension:prf: true, webauthn:virtualAuthenticators: true}&#10;Element: [[ChromeDriver: chrome on WINDOWS (314f979ee001f7b67abcb9642ba8eee0)] -&gt; xpath: (//*[@class=&apos;grid-item__content&apos;])[1]]&#10;Session ID: 314f979ee001f7b67abcb9642ba8eee0" type="org.openqa.selenium.ElementClickInterceptedException"><![CDATA[org.openqa.selenium.ElementClickInterceptedException: 
element click intercepted: Element <div class="grid-item__content">...</div> is not clickable at point (204, 356). Other element would receive the click: <div class="needsclick  kl-private-reset-css-Xuajs1" style="display: flex; z-index: 90000; position: fixed; left: 0px; top: 0px; width: 100%; height: 100%; justify-content: center; align-items: center; overflow: auto; background-color: rgba(20, 20, 20, 0.6); animation-timing-function: ease; animation-play-state: running; animation-iteration-count: 1; animation-fill-mode: forwards; animation-delay: 0s; animation-duration: 0.35s; animation-name: klaviyo-fadein;">...</div>
  (Session info: chrome=114.0.5735.198)
Build info: version: '4.8.3', revision: 'e5e76298c3'
System info: os.name: 'Windows 11', os.arch: 'amd64', os.version: '10.0', java.version: '17.0.5'
Driver info: org.openqa.selenium.chrome.ChromeDriver
Command: [314f979ee001f7b67abcb9642ba8eee0, clickElement {id=6B90C3EF36ABC3751BBB6BDC1C2AE0FB_element_21}]
Capabilities {acceptInsecureCerts: false, browserName: chrome, browserVersion: 114.0.5735.198, chrome: {chromedriverVersion: 114.0.5735.90 (386bc09e8f4f..., userDataDir: C:\Users\intel\AppData\Loca...}, goog:chromeOptions: {debuggerAddress: localhost:56688}, networkConnectionEnabled: false, pageLoadStrategy: normal, platformName: WINDOWS, proxy: Proxy(), se:cdp: ws://localhost:56688/devtoo..., se:cdpVersion: 114.0.5735.198, setWindowRect: true, strictFileInteractability: false, timeouts: {implicit: 0, pageLoad: 300000, script: 30000}, unhandledPromptBehavior: dismiss and notify, webauthn:extension:credBlob: true, webauthn:extension:largeBlob: true, webauthn:extension:minPinLength: true, webauthn:extension:prf: true, webauthn:virtualAuthenticators: true}
Element: [[ChromeDriver: chrome on WINDOWS (314f979ee001f7b67abcb9642ba8eee0)] -> xpath: (//*[@class='grid-item__content'])[1]]
Session ID: 314f979ee001f7b67abcb9642ba8eee0
	at test.AddTocartTest.productsearchimage(AddTocartTest.java:21)
]]></failure>
    <system-out><![CDATA[test case productsearchimage Started
test case productsearchimage has failed
]]></system-out>
  </testcase>
  <testcase name="AddProduct" classname="test.AddTocartTest" time="0.175">
    <failure message="no such element: Unable to locate element: {&quot;method&quot;:&quot;xpath&quot;,&quot;selector&quot;:&quot;//*[@name=&apos;add&apos;]&quot;}&#10;  (Session info: chrome=114.0.5735.198)&#10;For documentation on this error, please visit: https://selenium.dev/exceptions/#no_such_element&#10;Build info: version: &apos;4.8.3&apos;, revision: &apos;e5e76298c3&apos;&#10;System info: os.name: &apos;Windows 11&apos;, os.arch: &apos;amd64&apos;, os.version: &apos;10.0&apos;, java.version: &apos;17.0.5&apos;&#10;Driver info: org.openqa.selenium.chrome.ChromeDriver&#10;Command: [314f979ee001f7b67abcb9642ba8eee0, findElement {using=xpath, value=//*[@name=&apos;add&apos;]}]&#10;Capabilities {acceptInsecureCerts: false, browserName: chrome, browserVersion: 114.0.5735.198, chrome: {chromedriverVersion: 114.0.5735.90 (386bc09e8f4f..., userDataDir: C:\Users\intel\AppData\Loca...}, goog:chromeOptions: {debuggerAddress: localhost:56688}, networkConnectionEnabled: false, pageLoadStrategy: normal, platformName: WINDOWS, proxy: Proxy(), se:cdp: ws://localhost:56688/devtoo..., se:cdpVersion: 114.0.5735.198, setWindowRect: true, strictFileInteractability: false, timeouts: {implicit: 0, pageLoad: 300000, script: 30000}, unhandledPromptBehavior: dismiss and notify, webauthn:extension:credBlob: true, webauthn:extension:largeBlob: true, webauthn:extension:minPinLength: true, webauthn:extension:prf: true, webauthn:virtualAuthenticators: true}&#10;Session ID: 314f979ee001f7b67abcb9642ba8eee0" type="org.openqa.selenium.NoSuchElementException">org.openqa.selenium.NoSuchElementException: 
no such element: Unable to locate element: {"method":"xpath","selector":"//*[@name='add']"}
  (Session info: chrome=114.0.5735.198)
For documentation on this error, please visit: https://selenium.dev/exceptions/#no_such_element
Build info: version: '4.8.3', revision: 'e5e76298c3'
System info: os.name: 'Windows 11', os.arch: 'amd64', os.version: '10.0', java.version: '17.0.5'
Driver info: org.openqa.selenium.chrome.ChromeDriver
Command: [314f979ee001f7b67abcb9642ba8eee0, findElement {using=xpath, value=//*[@name='add']}]
Capabilities {acceptInsecureCerts: false, browserName: chrome, browserVersion: 114.0.5735.198, chrome: {chromedriverVersion: 114.0.5735.90 (386bc09e8f4f..., userDataDir: C:\Users\intel\AppData\Loca...}, goog:chromeOptions: {debuggerAddress: localhost:56688}, networkConnectionEnabled: false, pageLoadStrategy: normal, platformName: WINDOWS, proxy: Proxy(), se:cdp: ws://localhost:56688/devtoo..., se:cdpVersion: 114.0.5735.198, setWindowRect: true, strictFileInteractability: false, timeouts: {implicit: 0, pageLoad: 300000, script: 30000}, unhandledPromptBehavior: dismiss and notify, webauthn:extension:credBlob: true, webauthn:extension:largeBlob: true, webauthn:extension:minPinLength: true, webauthn:extension:prf: true, webauthn:virtualAuthenticators: true}
Session ID: 314f979ee001f7b67abcb9642ba8eee0
	at test.AddTocartTest.AddProduct(AddTocartTest.java:27)
</failure>
    <system-out><![CDATA[test case AddProduct Started
test case AddProduct has failed
]]></system-out>
  </testcase>
</testsuite>